 WARN [2018-02-09 16:06:20,487] (ComponentResource.java:loadFromFile:430) - File 'src/package.xml' does not exist
 WARN [2018-02-09 16:06:33,838] (ProjectController.java:handleRetrieveResults:694) - Failed to retrieve: 'Salesforce and Chatter Apps/package.xml': Metadata API received improper input. Please ensure file name and capitalization is correct. Load of metadata from db failed for metadata of type:ConnectedApp and file name:Chatter_for_iOS.
 WARN [2018-02-09 16:06:33,839] (ProjectController.java:handleRetrieveResults:694) - Failed to retrieve: 'Salesforce and Chatter Apps/package.xml': Metadata API received improper input. Please ensure file name and capitalization is correct. Load of metadata from db failed for metadata of type:ConnectedApp and file name:Chatter_for_BlackBerry.
 WARN [2018-02-09 16:06:33,841] (ProjectController.java:handleRetrieveResults:694) - Failed to retrieve: 'Salesforce and Chatter Apps/package.xml': Metadata API received improper input. Please ensure file name and capitalization is correct. Load of metadata from db failed for metadata of type:ConnectedApp and file name:Chatter_for_Android.
 WARN [2018-02-09 16:06:33,842] (ProjectController.java:handleRetrieveResults:694) - Failed to retrieve: 'Salesforce and Chatter Apps/package.xml': Metadata API received improper input. Please ensure file name and capitalization is correct. Load of metadata from db failed for metadata of type:ConnectedApp and file name:Chatter_Desktop.
 WARN [2018-02-09 16:06:33,843] (ProjectController.java:handleRetrieveResults:694) - Failed to retrieve: 'Salesforce and Chatter Apps/package.xml': Metadata API received improper input. Please ensure file name and capitalization is correct. Load of metadata from db failed for metadata of type:ConnectedApp and file name:SalesforceA.
 WARN [2018-02-09 16:06:33,844] (ProjectController.java:handleRetrieveResults:694) - Failed to retrieve: 'Salesforce and Chatter Apps/package.xml': Metadata API received improper input. Please ensure file name and capitalization is correct. Load of metadata from db failed for metadata of type:ConnectedApp and file name:Salesforce_Chatterbox.
 WARN [2018-02-09 16:07:18,293] (Utils.java:loadDocument:807) - Unable to load document: /Users/vkbash/SMUD_DMSProjectProduction/.metadata/.plugins/org.eclipse.core.resources/.projects/SMUD_DMSProjectProduction/com.salesforce.ide.core/packageCache.xml (No such file or directory)
 WARN [2018-02-09 16:07:21,113] (Utils.java:loadDocument:807) - Unable to load document: /Users/vkbash/SMUD_DMSProjectProduction/.metadata/.plugins/org.eclipse.core.resources/.projects/SMUD_DMSProjectProduction/com.salesforce.ide.core/packageCache.xml (No such file or directory)
ERROR [2018-02-09 16:08:37,491] (SyncServiceListenerBroadcaster.java:handleException:59) - Error executing a contributed ISyncServiceListener
java.lang.NullPointerException
	at com.salesforce.ide.core.model.ComponentList.getComponentFactory(ComponentList.java:59)
	at com.salesforce.ide.core.model.ComponentList.getComponentListForComponentType(ComponentList.java:261)
	at com.salesforce.ide.debug.ui.sync.SyncActionListener.collectDebuggerElements(SyncActionListener.java:145)
	at com.salesforce.ide.debug.ui.sync.SyncActionListener.collectApexDebuggerElementsWithOpenedEditors(SyncActionListener.java:120)
	at com.salesforce.ide.debug.ui.sync.SyncActionListener.projectSync(SyncActionListener.java:113)
	at com.salesforce.ide.core.services.hooks.SyncServiceListenerBroadcaster$1.run(SyncServiceListenerBroadcaster.java:54)
	at org.eclipse.core.runtime.SafeRunner.run(SafeRunner.java:42)
	at org.eclipse.ui.internal.JFaceUtil.lambda$0(JFaceUtil.java:44)
	at org.eclipse.jface.util.SafeRunnable.run(SafeRunnable.java:173)
	at com.salesforce.ide.core.services.hooks.SyncServiceListenerBroadcaster.executeExtension(SyncServiceListenerBroadcaster.java:62)
	at com.salesforce.ide.core.services.hooks.SyncServiceListenerBroadcaster.broadcast(SyncServiceListenerBroadcaster.java:40)
	at com.salesforce.ide.core.model.ProjectPackageList.saveResources(ProjectPackageList.java:1066)
	at com.salesforce.ide.core.model.ProjectPackageList.saveResources(ProjectPackageList.java:1000)
	at com.salesforce.ide.core.services.ProjectService$1.run(ProjectService.java:2153)
	at org.eclipse.core.internal.resources.Workspace.run(Workspace.java:2240)
	at org.eclipse.core.internal.resources.Workspace.run(Workspace.java:2267)
	at com.salesforce.ide.core.services.ProjectService.handleRetrieveResult(ProjectService.java:2149)
	at com.salesforce.ide.ui.actions.RefreshResourceActionController.refreshSourceFolder(RefreshResourceActionController.java:214)
	at com.salesforce.ide.ui.actions.RefreshResourceActionController.handleSourceRefresh(RefreshResourceActionController.java:172)
	at com.salesforce.ide.ui.actions.RefreshResourceActionController.refreshResources(RefreshResourceActionController.java:127)
	at com.salesforce.ide.ui.handlers.RefreshResourceHandler$1.execute(RefreshResourceHandler.java:87)
	at org.eclipse.ui.actions.WorkspaceModifyOperation.lambda$0(WorkspaceModifyOperation.java:107)
	at org.eclipse.core.internal.resources.Workspace.run(Workspace.java:2240)
	at org.eclipse.core.internal.resources.Workspace.run(Workspace.java:2267)
	at org.eclipse.ui.actions.WorkspaceModifyOperation.run(WorkspaceModifyOperation.java:128)
	at org.eclipse.jface.operation.ModalContext$ModalContextThread.run(ModalContext.java:119)
 WARN [2018-02-09 16:08:37,496] (MarkerUtils.java:applyRetrieveMarker:325) - Unable to apply retrieve warning marker to resource - resource is null
